  TestService.cpp
C:\Program Files\Microsoft Visual Studio\2022\Preview\VC\Tools\MSVC\14.32.31326\include\xmemory(673): error C2259: 'Tester': cannot instantiate abstract class
C:\Users\sandr\source\repos\Narwhalsss360\LibrariesRoot\NC++\TestService\TestService.h(22): message : see declaration of 'Tester'
C:\Program Files\Microsoft Visual Studio\2022\Preview\VC\Tools\MSVC\14.32.31326\include\xmemory(673): message : due to following members:
C:\Program Files\Microsoft Visual Studio\2022\Preview\VC\Tools\MSVC\14.32.31326\include\xmemory(673): message : 'void Tester::Run(void)': is abstract
C:\Users\sandr\source\repos\Narwhalsss360\LibrariesRoot\NC++\TestService\TestService.h(26): message : see declaration of 'Tester::Run'
C:\Program Files\Microsoft Visual Studio\2022\Preview\VC\Tools\MSVC\14.32.31326\include\vector(813): message : see reference to function template instantiation 'void std::_Default_allocator_traits<_Alloc>::construct<_Ty,const _Ty&>(_Alloc &,_Objty *const ,const _Ty &)' being compiled
          with
          [
              _Alloc=std::allocator<Tester>,
              _Ty=Tester,
              _Objty=Tester
          ]
C:\Program Files\Microsoft Visual Studio\2022\Preview\VC\Tools\MSVC\14.32.31326\include\vector(824): message : see reference to function template instantiation 'void std::_Default_allocator_traits<_Alloc>::construct<_Ty,const _Ty&>(_Alloc &,_Objty *const ,const _Ty &)' being compiled
          with
          [
              _Alloc=std::allocator<Tester>,
              _Ty=Tester,
              _Objty=Tester
          ]
C:\Program Files\Microsoft Visual Studio\2022\Preview\VC\Tools\MSVC\14.32.31326\include\vector(800): message : see reference to function template instantiation '_Ty &std::vector<_Ty,std::allocator<_Ty>>::_Emplace_back_with_unused_capacity<const _Ty&>(const _Ty &)' being compiled
          with
          [
              _Ty=Tester
          ]
C:\Program Files\Microsoft Visual Studio\2022\Preview\VC\Tools\MSVC\14.32.31326\include\vector(806): message : see reference to function template instantiation '_Ty &std::vector<_Ty,std::allocator<_Ty>>::_Emplace_back_with_unused_capacity<const _Ty&>(const _Ty &)' being compiled
          with
          [
              _Ty=Tester
          ]
C:\Program Files\Microsoft Visual Studio\2022\Preview\VC\Tools\MSVC\14.32.31326\include\vector(886): message : see reference to function template instantiation '_Ty &std::vector<_Ty,std::allocator<_Ty>>::_Emplace_one_at_back<const _Ty&>(const _Ty &)' being compiled
          with
          [
              _Ty=Tester
          ]
C:\Program Files\Microsoft Visual Studio\2022\Preview\VC\Tools\MSVC\14.32.31326\include\vector(888): message : see reference to function template instantiation '_Ty &std::vector<_Ty,std::allocator<_Ty>>::_Emplace_one_at_back<const _Ty&>(const _Ty &)' being compiled
          with
          [
              _Ty=Tester
          ]
C:\Program Files\Microsoft Visual Studio\2022\Preview\VC\Tools\MSVC\14.32.31326\include\vector(897): message : see reference to function template instantiation 'void std::vector<Tester,std::allocator<Tester>>::emplace_back<const _Ty&>(const _Ty &)' being compiled
          with
          [
              _Ty=Tester
          ]
C:\Program Files\Microsoft Visual Studio\2022\Preview\VC\Tools\MSVC\14.32.31326\include\vector(896): message : while compiling class template member function 'void std::vector<Tester,std::allocator<Tester>>::push_back(const _Ty &)'
          with
          [
              _Ty=Tester
          ]
C:\Users\sandr\source\repos\Narwhalsss360\LibrariesRoot\NC++\TestService\TestService.cpp(22): message : see reference to function template instantiation 'void std::vector<Tester,std::allocator<Tester>>::push_back(const _Ty &)' being compiled
          with
          [
              _Ty=Tester
          ]
C:\Users\sandr\source\repos\Narwhalsss360\LibrariesRoot\NC++\TestService\TestService.cpp(8): message : see reference to class template instantiation 'std::vector<Tester,std::allocator<Tester>>' being compiled
C:\Program Files\Microsoft Visual Studio\2022\Preview\VC\Tools\MSVC\14.32.31326\include\xmemory(680,47): error C2259: 'Tester': cannot instantiate abstract class
C:\Users\sandr\source\repos\Narwhalsss360\LibrariesRoot\NC++\TestService\TestService.h(22): message : see declaration of 'Tester'
C:\Program Files\Microsoft Visual Studio\2022\Preview\VC\Tools\MSVC\14.32.31326\include\xmemory(680,47): message : due to following members:
C:\Program Files\Microsoft Visual Studio\2022\Preview\VC\Tools\MSVC\14.32.31326\include\xmemory(680,47): message : 'void Tester::Run(void)': is abstract
C:\Users\sandr\source\repos\Narwhalsss360\LibrariesRoot\NC++\TestService\TestService.h(26): message : see declaration of 'Tester::Run'
